<?xml version="1.0" encoding="UTF-8"?>
<!-- Generated by org.testng.reporters.JUnitXMLReporter -->
<testsuite ignored="0" hostname="DESKTOP-88A1DLB" failures="0" tests="7" name="Luma Store Test" time="245.717" errors="0" timestamp="01 Jun 2024 08:09:34 GMT">
  <testcase classname="com.luma.testcases.TC_IndexPageTest" name="indexPageTest" time="1.288"/>
  <testcase classname="com.luma.testcases.TC_LoginPageTest" name="loginPageTest" time="16.996"/>
  <testcase classname="com.luma.testcases.TC_HomePageTest" name="homePageTest" time="17.513"/>
  <testcase classname="com.luma.testcases.TC_SearchResultPageTest" name="searchResultPageTest" time="35.385"/>
  <testcase classname="com.luma.testcases.TC_ShoppingCartPageTest" name="shoppingCartPageTest" time="42.99"/>
  <testcase classname="com.luma.testcases.TC_MyWishListPageTest" name="myWishListPageTest" time="34.409"/>
  <testcase classname="com.luma.testcases.TC_CheckoutPageTest" name="checkoutPageTest" time="58.852"/>
</testsuite> <!-- Luma Store Test -->
