<?xml version="1.0" encoding="UTF-8"?>
<testsuite xmlns:xsi="http://www.w3.org/2001/XMLSchema-instance" xsi:noNamespaceSchemaLocation="https://maven.apache.org/surefire/maven-surefire-plugin/xsd/surefire-test-report-3.0.xsd" version="3.0" name="TestSuite" time="246.789" tests="7" errors="0" skipped="0" failures="0">
  <properties>
[...]
</properties>
  <testcase name="indexPageTest" classname="com.luma.testcases.TC_IndexPageTest" time="1.296">
    <system-out><![CDATA[ INFO [main] (TC_IndexPageTest.java:19)- URL is opened
 INFO [main] (TC_IndexPageTest.java:24)- Logo is displayed
 INFO [main] (TC_IndexPageTest.java:27)- Sign In Button is displayed
 INFO [main] (TC_IndexPageTest.java:30)- Create an Account Button is displayed
 INFO [main] (TC_IndexPageTest.java:33)- Support Button is displayed
 INFO [main] (TC_IndexPageTest.java:38)- Index Page Test is passed
]]></system-out>
  </testcase>
  <testcase name="loginPageTest" classname="com.luma.testcases.TC_LoginPageTest" time="16.998">
    <system-out><![CDATA[ INFO [main] (TC_LoginPageTest.java:20)- URL is opened
 INFO [main] (TC_LoginPageTest.java:25)- Sign In Button is clicked
 INFO [main] (TC_LoginPageTest.java:31)- Email is entered
 INFO [main] (TC_LoginPageTest.java:35)- Password is entered
 INFO [main] (TC_LoginPageTest.java:39)- Sign In Button is clicked
 INFO [main] (TC_LoginPageTest.java:45)- User is loged In
 INFO [main] (TC_LoginPageTest.java:46)- Login Page Test is passed
]]></system-out>
  </testcase>
  <testcase name="homePageTest" classname="com.luma.testcases.TC_HomePageTest" time="17.513">
    <system-out><![CDATA[ INFO [main] (TC_HomePageTest.java:21)- URL is opened
 INFO [main] (TC_HomePageTest.java:26)- Sign In Button is clicked
 INFO [main] (TC_HomePageTest.java:27)- User is on Login Page
 INFO [main] (TC_HomePageTest.java:33)- Email is entered
 INFO [main] (TC_HomePageTest.java:37)- Password is entered
 INFO [main] (TC_HomePageTest.java:41)- Sign In Button is clicked
 INFO [main] (TC_HomePageTest.java:42)- User is loged In
 INFO [main] (TC_HomePageTest.java:48)- Welcome Text is displayed
 INFO [main] (TC_HomePageTest.java:51)- Header Menu is displayed
 INFO [main] (TC_HomePageTest.java:56)- Home Page Test is passed
]]></system-out>
  </testcase>
  <testcase name="searchResultPageTest" classname="com.luma.testcases.TC_SearchResultPageTest" time="35.386">
    <system-out><![CDATA[ INFO [main] (TC_SearchResultPageTest.java:22)- URL is opened
 INFO [main] (TC_SearchResultPageTest.java:27)- Sign In Button is clicked
 INFO [main] (TC_SearchResultPageTest.java:28)- User is on Login Page
 INFO [main] (TC_SearchResultPageTest.java:34)- Email is entered
 INFO [main] (TC_SearchResultPageTest.java:38)- Password is entered
 INFO [main] (TC_SearchResultPageTest.java:42)- Sign In Button is clicked
 INFO [main] (TC_SearchResultPageTest.java:43)- User is loged In
 INFO [main] (TC_SearchResultPageTest.java:49)- Product name is entered
 INFO [main] (TC_SearchResultPageTest.java:53)- Search Result Page is opened
 INFO [main] (TC_SearchResultPageTest.java:59)- List of Product is displayed
 INFO [main] (TC_SearchResultPageTest.java:62)- Product Image is displayed
 INFO [main] (TC_SearchResultPageTest.java:65)- Product Name is displayed
 INFO [main] (TC_SearchResultPageTest.java:68)- Product Price is displayed
 INFO [main] (TC_SearchResultPageTest.java:71)- First Product Size is choosed
 INFO [main] (TC_SearchResultPageTest.java:75)- First Product Color is choosed
 INFO [main] (TC_SearchResultPageTest.java:79)- First Add to Cart Button is clicked
 INFO [main] (TC_SearchResultPageTest.java:83)- Second Product Size is choosed
 INFO [main] (TC_SearchResultPageTest.java:87)- Second Product Color is choosed
 INFO [main] (TC_SearchResultPageTest.java:91)- Second Add to Cart Button is clicked
 INFO [main] (TC_SearchResultPageTest.java:95)- Third Product Size is choosed
 INFO [main] (TC_SearchResultPageTest.java:99)- Third Product Color is choosed
 INFO [main] (TC_SearchResultPageTest.java:103)- Third Add to Cart Button is clicked
 INFO [main] (TC_SearchResultPageTest.java:110)- Search Result Page Test is passed
]]></system-out>
  </testcase>
  <testcase name="shoppingCartPageTest" classname="com.luma.testcases.TC_ShoppingCartPageTest" time="42.991">
    <system-out><![CDATA[ INFO [main] (TC_ShoppingCartPageTest.java:22)- URL is opened
 INFO [main] (TC_ShoppingCartPageTest.java:27)- Sign In Button is clicked
 INFO [main] (TC_ShoppingCartPageTest.java:28)- User is on Login Page
 INFO [main] (TC_ShoppingCartPageTest.java:34)- Email is entered
 INFO [main] (TC_ShoppingCartPageTest.java:38)- Password is entered
 INFO [main] (TC_ShoppingCartPageTest.java:42)- Sign In Button is clicked
 INFO [main] (TC_ShoppingCartPageTest.java:43)- User is loged In
 INFO [main] (TC_ShoppingCartPageTest.java:49)- Cart is opened
 INFO [main] (TC_ShoppingCartPageTest.java:53)- Shopping Cart Page is opened
 INFO [main] (TC_ShoppingCartPageTest.java:59)- Counter Number is displayed
 INFO [main] (TC_ShoppingCartPageTest.java:62)- Product Image is displayed
 INFO [main] (TC_ShoppingCartPageTest.java:65)- Product Detail is displayed
 INFO [main] (TC_ShoppingCartPageTest.java:68)- Product Quantity is displayed
 INFO [main] (TC_ShoppingCartPageTest.java:71)- Subtotal Price is displayed
 INFO [main] (TC_ShoppingCartPageTest.java:74)- Second Product is moved to wishlist
 INFO [main] (TC_ShoppingCartPageTest.java:78)- Third Product is removed
 INFO [main] (TC_ShoppingCartPageTest.java:82)- Order Summary is displayed
 INFO [main] (TC_ShoppingCartPageTest.java:85)- Total Price is displayed
 INFO [main] (TC_ShoppingCartPageTest.java:91)- Shopping Cart Page Test is passed
]]></system-out>
  </testcase>
  <testcase name="myWishListPageTest" classname="com.luma.testcases.TC_MyWishListPageTest" time="34.409">
    <system-out><![CDATA[ INFO [main] (TC_MyWishListPageTest.java:22)- URL is opened
 INFO [main] (TC_MyWishListPageTest.java:27)- Sign In Button is clicked
 INFO [main] (TC_MyWishListPageTest.java:28)- User is on Login Page
 INFO [main] (TC_MyWishListPageTest.java:34)- Email is entered
 INFO [main] (TC_MyWishListPageTest.java:38)- Password is entered
 INFO [main] (TC_MyWishListPageTest.java:42)- Sign In Button is clicked
 INFO [main] (TC_MyWishListPageTest.java:43)- User is loged In
 INFO [main] (TC_MyWishListPageTest.java:49)- Profile Menu is clicked
 INFO [main] (TC_MyWishListPageTest.java:53)- My Wishlist Page is opened
 INFO [main] (TC_MyWishListPageTest.java:59)- Wishlist Product is displayed
 INFO [main] (TC_MyWishListPageTest.java:63)- Wishlist Product is removed
 INFO [main] (TC_MyWishListPageTest.java:69)- My Wishlist Page Page Test is passed
]]></system-out>
  </testcase>
  <testcase name="checkoutPageTest" classname="com.luma.testcases.TC_CheckoutPageTest" time="58.853">
    <system-out><![CDATA[ INFO [main] (TC_CheckoutPageTest.java:22)- URL is opened
 INFO [main] (TC_CheckoutPageTest.java:27)- Sign In Button is clicked
 INFO [main] (TC_CheckoutPageTest.java:28)- User is on Login Page
 INFO [main] (TC_CheckoutPageTest.java:34)- Email is entered
 INFO [main] (TC_CheckoutPageTest.java:38)- Password is entered
 INFO [main] (TC_CheckoutPageTest.java:42)- Sign In Button is clicked
 INFO [main] (TC_CheckoutPageTest.java:43)- User is loged In
 INFO [main] (TC_CheckoutPageTest.java:49)- Cart is opened
 INFO [main] (TC_CheckoutPageTest.java:53)- Checkout Page is opened
 INFO [main] (TC_CheckoutPageTest.java:59)- Order Summary is displayed
 INFO [main] (TC_CheckoutPageTest.java:62)- Street is entered
 INFO [main] (TC_CheckoutPageTest.java:66)- City is entered
 INFO [main] (TC_CheckoutPageTest.java:70)- Province is selected
 INFO [main] (TC_CheckoutPageTest.java:74)- Postcode is entered
 INFO [main] (TC_CheckoutPageTest.java:78)- Phone Number is entered
 INFO [main] (TC_CheckoutPageTest.java:82)- Shipping Method is selected
 INFO [main] (TC_CheckoutPageTest.java:86)- Next button is clicked
 INFO [main] (TC_CheckoutPageTest.java:90)- Place Order button is clicked
 INFO [main] (TC_CheckoutPageTest.java:97)- Checkout Page Test is passed
]]></system-out>
  </testcase>
</testsuite>