<?xml version="1.0" encoding="UTF-8"?>
<testng-results ignored="0" total="7" passed="7" failed="0" skipped="0">
  <reporter-output>
  </reporter-output>
  <suite started-at="2024-06-01T08:05:28Z" name="LumaStore" finished-at="2024-06-01T08:09:34Z" duration-ms="245717">
    <groups>
    </groups>
    <test started-at="2024-06-01T08:05:28Z" name="Luma Store Test" finished-at="2024-06-01T08:09:34Z" duration-ms="245717">
      <class name="com.luma.testcases.TC_MyWishListPageTest">
        <test-method is-config="true" signature="setup(java.lang.String)[pri:0, instance:com.luma.testcases.TC_MyWishListPageTest@2cbb3d47]" started-at="2024-06-01T08:07:49Z" name="setup" finished-at="2024-06-01T08:07:54Z" duration-ms="4952" status="PASS">
          <params>
            <param index="0">
              <value>
                <![CDATA[chrome]]>
              </value>
            </param>
          </params>
          <reporter-output>
          </reporter-output>
        </test-method> <!-- setup -->
        <test-method signature="myWishListPageTest()[pri:0, instance:com.luma.testcases.TC_MyWishListPageTest@2cbb3d47]" started-at="2024-06-01T08:07:54Z" name="myWishListPageTest" finished-at="2024-06-01T08:08:29Z" duration-ms="34409" status="PASS">
          <reporter-output>
          </reporter-output>
        </test-method> <!-- myWishListPageTest -->
        <test-method is-config="true" signature="tearDown()[pri:0, instance:com.luma.testcases.TC_MyWishListPageTest@2cbb3d47]" started-at="2024-06-01T08:08:29Z" name="tearDown" finished-at="2024-06-01T08:08:29Z" duration-ms="284" status="PASS">
          <reporter-output>
          </reporter-output>
        </test-method> <!-- tearDown -->
      </class> <!-- com.luma.testcases.TC_MyWishListPageTest -->
      <class name="com.luma.testcases.TC_HomePageTest">
        <test-method is-config="true" signature="setup(java.lang.String)[pri:0, instance:com.luma.testcases.TC_HomePageTest@4387b79e]" started-at="2024-06-01T08:05:59Z" name="setup" finished-at="2024-06-01T08:06:03Z" duration-ms="3831" status="PASS">
          <params>
            <param index="0">
              <value>
                <![CDATA[chrome]]>
              </value>
            </param>
          </params>
          <reporter-output>
          </reporter-output>
        </test-method> <!-- setup -->
        <test-method signature="homePageTest()[pri:0, instance:com.luma.testcases.TC_HomePageTest@4387b79e]" started-at="2024-06-01T08:06:03Z" name="homePageTest" finished-at="2024-06-01T08:06:20Z" duration-ms="17513" status="PASS">
          <reporter-output>
          </reporter-output>
        </test-method> <!-- homePageTest -->
        <test-method is-config="true" signature="tearDown()[pri:0, instance:com.luma.testcases.TC_HomePageTest@4387b79e]" started-at="2024-06-01T08:06:20Z" name="tearDown" finished-at="2024-06-01T08:06:21Z" duration-ms="269" status="PASS">
          <reporter-output>
          </reporter-output>
        </test-method> <!-- tearDown -->
      </class> <!-- com.luma.testcases.TC_HomePageTest -->
      <class name="com.luma.testcases.TC_IndexPageTest">
        <test-method is-config="true" signature="setup(java.lang.String)[pri:0, instance:com.luma.testcases.TC_IndexPageTest@1460a8c0]" started-at="2024-06-01T08:05:28Z" name="setup" finished-at="2024-06-01T08:05:35Z" duration-ms="6074" status="PASS">
          <params>
            <param index="0">
              <value>
                <![CDATA[chrome]]>
              </value>
            </param>
          </params>
          <reporter-output>
          </reporter-output>
        </test-method> <!-- setup -->
        <test-method signature="indexPageTest()[pri:0, instance:com.luma.testcases.TC_IndexPageTest@1460a8c0]" started-at="2024-06-01T08:05:35Z" name="indexPageTest" finished-at="2024-06-01T08:05:36Z" duration-ms="1288" status="PASS">
          <reporter-output>
          </reporter-output>
        </test-method> <!-- indexPageTest -->
        <test-method is-config="true" signature="tearDown()[pri:0, instance:com.luma.testcases.TC_IndexPageTest@1460a8c0]" started-at="2024-06-01T08:05:36Z" name="tearDown" finished-at="2024-06-01T08:05:36Z" duration-ms="270" status="PASS">
          <reporter-output>
          </reporter-output>
        </test-method> <!-- tearDown -->
      </class> <!-- com.luma.testcases.TC_IndexPageTest -->
      <class name="com.luma.testcases.TC_CheckoutPageTest">
        <test-method is-config="true" signature="setup(java.lang.String)[pri:0, instance:com.luma.testcases.TC_CheckoutPageTest@527e5409]" started-at="2024-06-01T08:08:29Z" name="setup" finished-at="2024-06-01T08:08:35Z" duration-ms="5869" status="PASS">
          <params>
            <param index="0">
              <value>
                <![CDATA[chrome]]>
              </value>
            </param>
          </params>
          <reporter-output>
          </reporter-output>
        </test-method> <!-- setup -->
        <test-method signature="checkoutPageTest()[pri:0, instance:com.luma.testcases.TC_CheckoutPageTest@527e5409]" started-at="2024-06-01T08:08:35Z" name="checkoutPageTest" finished-at="2024-06-01T08:09:34Z" duration-ms="58852" status="PASS">
          <reporter-output>
          </reporter-output>
        </test-method> <!-- checkoutPageTest -->
        <test-method is-config="true" signature="tearDown()[pri:0, instance:com.luma.testcases.TC_CheckoutPageTest@527e5409]" started-at="2024-06-01T08:09:34Z" name="tearDown" finished-at="2024-06-01T08:09:34Z" duration-ms="287" status="PASS">
          <reporter-output>
          </reporter-output>
        </test-method> <!-- tearDown -->
      </class> <!-- com.luma.testcases.TC_CheckoutPageTest -->
      <class name="com.luma.testcases.TC_LoginPageTest">
        <test-method is-config="true" signature="setup(java.lang.String)[pri:0, instance:com.luma.testcases.TC_LoginPageTest@4f638935]" started-at="2024-06-01T08:05:36Z" name="setup" finished-at="2024-06-01T08:05:42Z" duration-ms="5476" status="PASS">
          <params>
            <param index="0">
              <value>
                <![CDATA[chrome]]>
              </value>
            </param>
          </params>
          <reporter-output>
          </reporter-output>
        </test-method> <!-- setup -->
        <test-method signature="loginPageTest()[pri:0, instance:com.luma.testcases.TC_LoginPageTest@4f638935]" started-at="2024-06-01T08:05:42Z" name="loginPageTest" finished-at="2024-06-01T08:05:59Z" duration-ms="16996" status="PASS">
          <reporter-output>
          </reporter-output>
        </test-method> <!-- loginPageTest -->
        <test-method is-config="true" signature="tearDown()[pri:0, instance:com.luma.testcases.TC_LoginPageTest@4f638935]" started-at="2024-06-01T08:05:59Z" name="tearDown" finished-at="2024-06-01T08:05:59Z" duration-ms="376" status="PASS">
          <reporter-output>
          </reporter-output>
        </test-method> <!-- tearDown -->
      </class> <!-- com.luma.testcases.TC_LoginPageTest -->
      <class name="com.luma.testcases.TC_ShoppingCartPageTest">
        <test-method is-config="true" signature="setup(java.lang.String)[pri:0, instance:com.luma.testcases.TC_ShoppingCartPageTest@7fc229ab]" started-at="2024-06-01T08:07:01Z" name="setup" finished-at="2024-06-01T08:07:06Z" duration-ms="4840" status="PASS">
          <params>
            <param index="0">
              <value>
                <![CDATA[chrome]]>
              </value>
            </param>
          </params>
          <reporter-output>
          </reporter-output>
        </test-method> <!-- setup -->
        <test-method signature="shoppingCartPageTest()[pri:0, instance:com.luma.testcases.TC_ShoppingCartPageTest@7fc229ab]" started-at="2024-06-01T08:07:06Z" name="shoppingCartPageTest" finished-at="2024-06-01T08:07:49Z" duration-ms="42990" status="PASS">
          <reporter-output>
          </reporter-output>
        </test-method> <!-- shoppingCartPageTest -->
        <test-method is-config="true" signature="tearDown()[pri:0, instance:com.luma.testcases.TC_ShoppingCartPageTest@7fc229ab]" started-at="2024-06-01T08:07:49Z" name="tearDown" finished-at="2024-06-01T08:07:49Z" duration-ms="256" status="PASS">
          <reporter-output>
          </reporter-output>
        </test-method> <!-- tearDown -->
      </class> <!-- com.luma.testcases.TC_ShoppingCartPageTest -->
      <class name="com.luma.testcases.TC_SearchResultPageTest">
        <test-method is-config="true" signature="setup(java.lang.String)[pri:0, instance:com.luma.testcases.TC_SearchResultPageTest@6e75aa0d]" started-at="2024-06-01T08:06:21Z" name="setup" finished-at="2024-06-01T08:06:26Z" duration-ms="5006" status="PASS">
          <params>
            <param index="0">
              <value>
                <![CDATA[chrome]]>
              </value>
            </param>
          </params>
          <reporter-output>
          </reporter-output>
        </test-method> <!-- setup -->
        <test-method signature="searchResultPageTest()[pri:0, instance:com.luma.testcases.TC_SearchResultPageTest@6e75aa0d]" started-at="2024-06-01T08:06:26Z" name="searchResultPageTest" finished-at="2024-06-01T08:07:01Z" duration-ms="35385" status="PASS">
          <reporter-output>
          </reporter-output>
        </test-method> <!-- searchResultPageTest -->
        <test-method is-config="true" signature="tearDown()[pri:0, instance:com.luma.testcases.TC_SearchResultPageTest@6e75aa0d]" started-at="2024-06-01T08:07:01Z" name="tearDown" finished-at="2024-06-01T08:07:01Z" duration-ms="283" status="PASS">
          <reporter-output>
          </reporter-output>
        </test-method> <!-- tearDown -->
      </class> <!-- com.luma.testcases.TC_SearchResultPageTest -->
    </test> <!-- Luma Store Test -->
  </suite> <!-- LumaStore -->
</testng-results>
