<?xml version="1.0" encoding="UTF-8"?>
<testng-results ignored="0" total="7" passed="6" failed="1" skipped="0">
  <reporter-output>
  </reporter-output>
  <suite started-at="2024-06-01T14:30:11 WIB" name="LumaStore" finished-at="2024-06-01T14:35:25 WIB" duration-ms="313977">
    <groups>
    </groups>
    <test started-at="2024-06-01T14:30:11 WIB" name="Luma Store Test" finished-at="2024-06-01T14:35:25 WIB" duration-ms="313977">
      <class name="com.luma.testcases.TC_MyWishListPageTest">
        <test-method is-config="true" signature="setup(java.lang.String)[pri:0, instance:com.luma.testcases.TC_MyWishListPageTest@1623b78d]" started-at="2024-06-01T14:33:40 WIB" name="setup" finished-at="2024-06-01T14:33:46 WIB" duration-ms="5532" status="PASS">
          <params>
            <param index="0">
              <value>
                <![CDATA[chrome]]>
              </value>
            </param>
          </params>
          <reporter-output>
          </reporter-output>
        </test-method> <!-- setup -->
        <test-method signature="myWishListPageTest()[pri:0, instance:com.luma.testcases.TC_MyWishListPageTest@1623b78d]" started-at="2024-06-01T14:33:46 WIB" name="myWishListPageTest" finished-at="2024-06-01T14:34:21 WIB" duration-ms="34732" status="PASS">
          <reporter-output>
          </reporter-output>
        </test-method> <!-- myWishListPageTest -->
        <test-method is-config="true" signature="tearDown()[pri:0, instance:com.luma.testcases.TC_MyWishListPageTest@1623b78d]" started-at="2024-06-01T14:34:21 WIB" name="tearDown" finished-at="2024-06-01T14:34:21 WIB" duration-ms="295" status="PASS">
          <reporter-output>
          </reporter-output>
        </test-method> <!-- tearDown -->
      </class> <!-- com.luma.testcases.TC_MyWishListPageTest -->
      <class name="com.luma.testcases.TC_HomePageTest">
        <test-method is-config="true" signature="setup(java.lang.String)[pri:0, instance:com.luma.testcases.TC_HomePageTest@2b662a77]" started-at="2024-06-01T14:31:38 WIB" name="setup" finished-at="2024-06-01T14:31:43 WIB" duration-ms="5307" status="PASS">
          <params>
            <param index="0">
              <value>
                <![CDATA[chrome]]>
              </value>
            </param>
          </params>
          <reporter-output>
          </reporter-output>
        </test-method> <!-- setup -->
        <test-method signature="homePageTest()[pri:0, instance:com.luma.testcases.TC_HomePageTest@2b662a77]" started-at="2024-06-01T14:31:43 WIB" name="homePageTest" finished-at="2024-06-01T14:32:01 WIB" duration-ms="17797" status="PASS">
          <reporter-output>
          </reporter-output>
        </test-method> <!-- homePageTest -->
        <test-method is-config="true" signature="tearDown()[pri:0, instance:com.luma.testcases.TC_HomePageTest@2b662a77]" started-at="2024-06-01T14:32:01 WIB" name="tearDown" finished-at="2024-06-01T14:32:01 WIB" duration-ms="253" status="PASS">
          <reporter-output>
          </reporter-output>
        </test-method> <!-- tearDown -->
      </class> <!-- com.luma.testcases.TC_HomePageTest -->
      <class name="com.luma.testcases.TC_IndexPageTest">
        <test-method is-config="true" signature="setup(java.lang.String)[pri:0, instance:com.luma.testcases.TC_IndexPageTest@8f4ea7c]" started-at="2024-06-01T14:30:12 WIB" name="setup" finished-at="2024-06-01T14:31:13 WIB" duration-ms="61768" status="PASS">
          <params>
            <param index="0">
              <value>
                <![CDATA[chrome]]>
              </value>
            </param>
          </params>
          <reporter-output>
          </reporter-output>
        </test-method> <!-- setup -->
        <test-method signature="indexPageTest()[pri:0, instance:com.luma.testcases.TC_IndexPageTest@8f4ea7c]" started-at="2024-06-01T14:31:14 WIB" name="indexPageTest" finished-at="2024-06-01T14:31:14 WIB" duration-ms="100" status="FAIL">
          <exception class="org.openqa.selenium.NoSuchWindowException">
            <message>
              <![CDATA[no such window: target window already closed
from unknown error: web view not found
  (Session info: chrome=125.0.6422.113)
Build info: version: '4.21.0', revision: '79ed462ef4'
System info: os.name: 'Windows 10', os.arch: 'amd64', os.version: '10.0', java.version: '17.0.10'
Driver info: org.openqa.selenium.chrome.ChromeDriver
Command: [c3ef790ba9059a0b4dd08048e45a48f0, get {url=https://magento.softwaretestingboard.com/}]
Capabilities {acceptInsecureCerts: false, browserName: chrome, browserVersion: 125.0.6422.113, chrome: {chromedriverVersion: 125.0.6422.141 (4b1e8393712..., userDataDir: C:\Users\user\AppData\Local...}, fedcm:accounts: true, goog:chromeOptions: {debuggerAddress: localhost:50059}, networkConnectionEnabled: false, pageLoadStrategy: normal, platformName: windows, proxy: Proxy(), se:cdp: ws://localhost:50059/devtoo..., se:cdpVersion: 125.0.6422.113, setWindowRect: true, strictFileInteractability: false, timeouts: {implicit: 0, pageLoad: 300000, script: 30000}, unhandledPromptBehavior: dismiss and notify, webauthn:extension:credBlob: true, webauthn:extension:largeBlob: true, webauthn:extension:minPinLength: true, webauthn:extension:prf: true, webauthn:virtualAuthenticators: true}
Session ID: c3ef790ba9059a0b4dd08048e45a48f0]]>
            </message>
            <full-stacktrace>
              <![CDATA[org.openqa.selenium.NoSuchWindowException: no such window: target window already closed
from unknown error: web view not found
  (Session info: chrome=125.0.6422.113)
Build info: version: '4.21.0', revision: '79ed462ef4'
System info: os.name: 'Windows 10', os.arch: 'amd64', os.version: '10.0', java.version: '17.0.10'
Driver info: org.openqa.selenium.chrome.ChromeDriver
Command: [c3ef790ba9059a0b4dd08048e45a48f0, get {url=https://magento.softwaretestingboard.com/}]
Capabilities {acceptInsecureCerts: false, browserName: chrome, browserVersion: 125.0.6422.113, chrome: {chromedriverVersion: 125.0.6422.141 (4b1e8393712..., userDataDir: C:\Users\user\AppData\Local...}, fedcm:accounts: true, goog:chromeOptions: {debuggerAddress: localhost:50059}, networkConnectionEnabled: false, pageLoadStrategy: normal, platformName: windows, proxy: Proxy(), se:cdp: ws://localhost:50059/devtoo..., se:cdpVersion: 125.0.6422.113, setWindowRect: true, strictFileInteractability: false, timeouts: {implicit: 0, pageLoad: 300000, script: 30000}, unhandledPromptBehavior: dismiss and notify, webauthn:extension:credBlob: true, webauthn:extension:largeBlob: true, webauthn:extension:minPinLength: true, webauthn:extension:prf: true, webauthn:virtualAuthenticators: true}
Session ID: c3ef790ba9059a0b4dd08048e45a48f0
at java.base/jdk.internal.reflect.NativeConstructorAccessorImpl.newInstance0(Native Method)
at java.base/jdk.internal.reflect.NativeConstructorAccessorImpl.newInstance(NativeConstructorAccessorImpl.java:77)
at java.base/jdk.internal.reflect.DelegatingConstructorAccessorImpl.newInstance(DelegatingConstructorAccessorImpl.java:45)
at java.base/java.lang.reflect.Constructor.newInstanceWithCaller(Constructor.java:499)
at java.base/java.lang.reflect.Constructor.newInstance(Constructor.java:480)
at org.openqa.selenium.remote.ErrorCodec.decode(ErrorCodec.java:167)
at org.openqa.selenium.remote.codec.w3c.W3CHttpResponseCodec.decode(W3CHttpResponseCodec.java:138)
at org.openqa.selenium.remote.codec.w3c.W3CHttpResponseCodec.decode(W3CHttpResponseCodec.java:50)
at org.openqa.selenium.remote.HttpCommandExecutor.execute(HttpCommandExecutor.java:190)
at org.openqa.selenium.remote.service.DriverCommandExecutor.invokeExecute(DriverCommandExecutor.java:216)
at org.openqa.selenium.remote.service.DriverCommandExecutor.execute(DriverCommandExecutor.java:174)
at org.openqa.selenium.remote.RemoteWebDriver.execute(RemoteWebDriver.java:518)
at org.openqa.selenium.remote.RemoteWebDriver.get(RemoteWebDriver.java:300)
at com.luma.testcases.TC_IndexPageTest.indexPageTest(TC_IndexPageTest.java:18)
at java.base/jdk.internal.reflect.NativeMethodAccessorImpl.invoke0(Native Method)
at java.base/jdk.internal.reflect.NativeMethodAccessorImpl.invoke(NativeMethodAccessorImpl.java:77)
at java.base/jdk.internal.reflect.DelegatingMethodAccessorImpl.invoke(DelegatingMethodAccessorImpl.java:43)
at java.base/java.lang.reflect.Method.invoke(Method.java:568)
at org.testng.internal.MethodInvocationHelper.invokeMethod(MethodInvocationHelper.java:133)
at org.testng.internal.TestInvoker.invokeMethod(TestInvoker.java:598)
at org.testng.internal.TestInvoker.invokeTestMethod(TestInvoker.java:173)
at org.testng.internal.MethodRunner.runInSequence(MethodRunner.java:46)
at org.testng.internal.TestInvoker$MethodInvocationAgent.invoke(TestInvoker.java:824)
at org.testng.internal.TestInvoker.invokeTestMethods(TestInvoker.java:146)
at org.testng.internal.TestMethodWorker.invokeTestMethods(TestMethodWorker.java:146)
at org.testng.internal.TestMethodWorker.run(TestMethodWorker.java:128)
at java.base/java.util.ArrayList.forEach(ArrayList.java:1511)
at org.testng.TestRunner.privateRun(TestRunner.java:794)
at org.testng.TestRunner.run(TestRunner.java:596)
at org.testng.SuiteRunner.runTest(SuiteRunner.java:377)
at org.testng.SuiteRunner.runSequentially(SuiteRunner.java:371)
at org.testng.SuiteRunner.privateRun(SuiteRunner.java:332)
at org.testng.SuiteRunner.run(SuiteRunner.java:276)
at org.testng.SuiteRunnerWorker.runSuite(SuiteRunnerWorker.java:53)
at org.testng.SuiteRunnerWorker.run(SuiteRunnerWorker.java:96)
at org.testng.TestNG.runSuitesSequentially(TestNG.java:1212)
at org.testng.TestNG.runSuitesLocally(TestNG.java:1134)
at org.testng.TestNG.runSuites(TestNG.java:1063)
at org.testng.TestNG.run(TestNG.java:1031)
at org.testng.remote.AbstractRemoteTestNG.run(AbstractRemoteTestNG.java:115)
at org.testng.remote.RemoteTestNG.initAndRun(RemoteTestNG.java:293)
at org.testng.remote.RemoteTestNG.main(RemoteTestNG.java:91)
]]>
            </full-stacktrace>
          </exception> <!-- org.openqa.selenium.NoSuchWindowException -->
          <reporter-output>
          </reporter-output>
        </test-method> <!-- indexPageTest -->
        <test-method is-config="true" signature="tearDown()[pri:0, instance:com.luma.testcases.TC_IndexPageTest@8f4ea7c]" started-at="2024-06-01T14:31:14 WIB" name="tearDown" finished-at="2024-06-01T14:31:14 WIB" duration-ms="204" status="PASS">
          <reporter-output>
          </reporter-output>
        </test-method> <!-- tearDown -->
      </class> <!-- com.luma.testcases.TC_IndexPageTest -->
      <class name="com.luma.testcases.TC_CheckoutPageTest">
        <test-method is-config="true" signature="setup(java.lang.String)[pri:0, instance:com.luma.testcases.TC_CheckoutPageTest@c8c12ac]" started-at="2024-06-01T14:34:21 WIB" name="setup" finished-at="2024-06-01T14:34:26 WIB" duration-ms="4563" status="PASS">
          <params>
            <param index="0">
              <value>
                <![CDATA[chrome]]>
              </value>
            </param>
          </params>
          <reporter-output>
          </reporter-output>
        </test-method> <!-- setup -->
        <test-method signature="checkoutPageTest()[pri:0, instance:com.luma.testcases.TC_CheckoutPageTest@c8c12ac]" started-at="2024-06-01T14:34:26 WIB" name="checkoutPageTest" finished-at="2024-06-01T14:35:25 WIB" duration-ms="59371" status="PASS">
          <reporter-output>
          </reporter-output>
        </test-method> <!-- checkoutPageTest -->
        <test-method is-config="true" signature="tearDown()[pri:0, instance:com.luma.testcases.TC_CheckoutPageTest@c8c12ac]" started-at="2024-06-01T14:35:25 WIB" name="tearDown" finished-at="2024-06-01T14:35:25 WIB" duration-ms="306" status="PASS">
          <reporter-output>
          </reporter-output>
        </test-method> <!-- tearDown -->
      </class> <!-- com.luma.testcases.TC_CheckoutPageTest -->
      <class name="com.luma.testcases.TC_LoginPageTest">
        <test-method is-config="true" signature="setup(java.lang.String)[pri:0, instance:com.luma.testcases.TC_LoginPageTest@57a3af25]" started-at="2024-06-01T14:31:14 WIB" name="setup" finished-at="2024-06-01T14:31:20 WIB" duration-ms="5843" status="PASS">
          <params>
            <param index="0">
              <value>
                <![CDATA[chrome]]>
              </value>
            </param>
          </params>
          <reporter-output>
          </reporter-output>
        </test-method> <!-- setup -->
        <test-method signature="loginPageTest()[pri:0, instance:com.luma.testcases.TC_LoginPageTest@57a3af25]" started-at="2024-06-01T14:31:20 WIB" name="loginPageTest" finished-at="2024-06-01T14:31:38 WIB" duration-ms="17797" status="PASS">
          <reporter-output>
          </reporter-output>
        </test-method> <!-- loginPageTest -->
        <test-method is-config="true" signature="tearDown()[pri:0, instance:com.luma.testcases.TC_LoginPageTest@57a3af25]" started-at="2024-06-01T14:31:38 WIB" name="tearDown" finished-at="2024-06-01T14:31:38 WIB" duration-ms="334" status="PASS">
          <reporter-output>
          </reporter-output>
        </test-method> <!-- tearDown -->
      </class> <!-- com.luma.testcases.TC_LoginPageTest -->
      <class name="com.luma.testcases.TC_SearchResultPageTest">
        <test-method is-config="true" signature="setup(java.lang.String)[pri:0, instance:com.luma.testcases.TC_SearchResultPageTest@7f0eb4b4]" started-at="2024-06-01T14:32:01 WIB" name="setup" finished-at="2024-06-01T14:32:09 WIB" duration-ms="8199" status="PASS">
          <params>
            <param index="0">
              <value>
                <![CDATA[chrome]]>
              </value>
            </param>
          </params>
          <reporter-output>
          </reporter-output>
        </test-method> <!-- setup -->
        <test-method signature="searchResultPageTest()[pri:0, instance:com.luma.testcases.TC_SearchResultPageTest@7f0eb4b4]" started-at="2024-06-01T14:32:09 WIB" name="searchResultPageTest" finished-at="2024-06-01T14:32:49 WIB" duration-ms="39187" status="PASS">
          <reporter-output>
          </reporter-output>
        </test-method> <!-- searchResultPageTest -->
        <test-method is-config="true" signature="tearDown()[pri:0, instance:com.luma.testcases.TC_SearchResultPageTest@7f0eb4b4]" started-at="2024-06-01T14:32:49 WIB" name="tearDown" finished-at="2024-06-01T14:32:49 WIB" duration-ms="277" status="PASS">
          <reporter-output>
          </reporter-output>
        </test-method> <!-- tearDown -->
      </class> <!-- com.luma.testcases.TC_SearchResultPageTest -->
      <class name="com.luma.testcases.TC_ShoppingCartPageTest">
        <test-method is-config="true" signature="setup(java.lang.String)[pri:0, instance:com.luma.testcases.TC_ShoppingCartPageTest@5c33f1a9]" started-at="2024-06-01T14:32:49 WIB" name="setup" finished-at="2024-06-01T14:32:54 WIB" duration-ms="5117" status="PASS">
          <params>
            <param index="0">
              <value>
                <![CDATA[chrome]]>
              </value>
            </param>
          </params>
          <reporter-output>
          </reporter-output>
        </test-method> <!-- setup -->
        <test-method signature="shoppingCartPageTest()[pri:0, instance:com.luma.testcases.TC_ShoppingCartPageTest@5c33f1a9]" started-at="2024-06-01T14:32:54 WIB" name="shoppingCartPageTest" finished-at="2024-06-01T14:33:40 WIB" duration-ms="46113" status="PASS">
          <reporter-output>
          </reporter-output>
        </test-method> <!-- shoppingCartPageTest -->
        <test-method is-config="true" signature="tearDown()[pri:0, instance:com.luma.testcases.TC_ShoppingCartPageTest@5c33f1a9]" started-at="2024-06-01T14:33:40 WIB" name="tearDown" finished-at="2024-06-01T14:33:40 WIB" duration-ms="307" status="PASS">
          <reporter-output>
          </reporter-output>
        </test-method> <!-- tearDown -->
      </class> <!-- com.luma.testcases.TC_ShoppingCartPageTest -->
    </test> <!-- Luma Store Test -->
  </suite> <!-- LumaStore -->
</testng-results>
